<?xml version="1.0" encoding="UTF-8"?>
<!-- Generated by org.testng.reporters.JUnitReportReporter -->
<testsuite hostname="FT-D-WTC-0003" failures="0" tests="1" name="com.questapp.tests.CommunityTest" time="24.734" errors="0" timestamp="2025-04-21T10:52:34 IST" skipped="0">
  <testcase classname="com.questapp.tests.CommunityTest" name="testLoginAndCommunityActions" time="24.734"/>
</testsuite> <!-- com.questapp.tests.CommunityTest -->
