<?xml version="1.0" encoding="UTF-8"?>
<!-- Generated by org.testng.reporters.JUnitReportReporter -->
<testsuite hostname="FT-D-WTC-0003" failures="0" tests="1" name="com.questapp.tests.LoginTest" time="30.658" errors="0" timestamp="2025-04-21T13:38:52 IST" skipped="0">
  <testcase classname="com.questapp.tests.LoginTest" name="testLoginAndCommunityFlow" time="30.658"/>
</testsuite> <!-- com.questapp.tests.LoginTest -->
